<?xml version="1.0" encoding="UTF-8"?>
<testng-results skipped="0" failed="0" ignored="0" total="1" passed="1">
  <reporter-output>
  </reporter-output>
  <suite name="Default suite" duration-ms="14040" started-at="2018-02-03T09:29:27Z" finished-at="2018-02-03T09:29:41Z">
    <groups>
    </groups>
    <test name="Default test" duration-ms="14040" started-at="2018-02-03T09:29:27Z" finished-at="2018-02-03T09:29:41Z">
      <class name="pack1.NewTest">
        <test-method status="PASS" signature="f()[pri:0, instance:pack1.NewTest@36d4b5c]" name="f" duration-ms="14024" started-at="2018-02-03T14:59:27Z" finished-at="2018-02-03T14:59:41Z">
          <reporter-output>
          </reporter-output>
        </test-method> <!-- f -->
      </class> <!-- pack1.NewTest -->
    </test> <!-- Default test -->
  </suite> <!-- Default suite -->
</testng-results>
